<?xml version="1.0" encoding="UTF-8"?>
<testsuite name="com.gildedrose.GildedRoseTest" tests="42" skipped="0" failures="0" errors="0" timestamp="2023-10-21T15:15:58" hostname="AMINESPC" time="0.198">
  <properties/>
  <testcase name="Test that quality positive, sellin positive, basic item" classname="com.gildedrose.GildedRoseTest" time="0.041"/>
  <testcase name="Test that quality positive, sellin negative, basic item" classname="com.gildedrose.GildedRoseTest" time="0.001"/>
  <testcase name="agedBrieQualitytestThree()" classname="com.gildedrose.GildedRoseTest" time="0.001"/>
  <testcase name="Test that quality negative, sellin negative, basic item" classname="com.gildedrose.GildedRoseTest" time="0.0"/>
  <testcase name="Test that quality decreases by 2" classname="com.gildedrose.GildedRoseTest" time="0.001"/>
  <testcase name="Test that quality = 0" classname="com.gildedrose.GildedRoseTest" time="0.001"/>
  <testcase name="Test that quality negatif, sellin positive,Sulfuras" classname="com.gildedrose.GildedRoseTest" time="0.0"/>
  <testcase name="Test that quality positive, sellin positive,agedBrie" classname="com.gildedrose.GildedRoseTest" time="0.008"/>
  <testcase name="Test that quality positive, sellin negative,agedBrie" classname="com.gildedrose.GildedRoseTest" time="0.001"/>
  <testcase name="Test that quality negative, sellin positive, basic item" classname="com.gildedrose.GildedRoseTest" time="0.001"/>
  <testcase name="Test that the name is unchanged" classname="com.gildedrose.GildedRoseTest" time="0.001"/>
  <testcase name="Test that quality decreases by 4" classname="com.gildedrose.GildedRoseTest" time="0.004"/>
  <testcase name="Test that quality decreases by 2" classname="com.gildedrose.GildedRoseTest" time="0.001"/>
  <testcase name="Test that quality decreases by 1" classname="com.gildedrose.GildedRoseTest" time="0.001"/>
  <testcase name="Test that quality positive, sellin positive,Backstage passes" classname="com.gildedrose.GildedRoseTest" time="0.003"/>
  <testcase name="backstagePassesQuality10()" classname="com.gildedrose.GildedRoseTest" time="0.001"/>
  <testcase name="backstagePassesQuality11()" classname="com.gildedrose.GildedRoseTest" time="0.001"/>
  <testcase name="Test that quality positive, sellin positive,Sulfuras" classname="com.gildedrose.GildedRoseTest" time="0.001"/>
  <testcase name="Test that quality positive, sellin negatif,Sulfuras" classname="com.gildedrose.GildedRoseTest" time="0.004"/>
  <testcase name="Test that quality negatif, sellin negatif,Sulfuras" classname="com.gildedrose.GildedRoseTest" time="0.001"/>
  <testcase name="Test that quality positive, sellin positive, basic item" classname="com.gildedrose.GildedRoseTest" time="0.001"/>
  <testcase name="Test that quality positive, sellin negative, basic item" classname="com.gildedrose.GildedRoseTest" time="0.0"/>
  <testcase name="Test that quality  doesn change" classname="com.gildedrose.GildedRoseTest" time="0.001"/>
  <testcase name="Test that quality positive, sellin positive,Sulfuras" classname="com.gildedrose.GildedRoseTest" time="0.003"/>
  <testcase name="Test that quality increment de 1" classname="com.gildedrose.GildedRoseTest" time="0.0"/>
  <testcase name="Test that quality positive, sellin negatif,Sulfuras" classname="com.gildedrose.GildedRoseTest" time="0.0"/>
  <testcase name="BACKSTAGEQualitytestFour()" classname="com.gildedrose.GildedRoseTest" time="0.001"/>
  <testcase name="Test that quality positive, sellin positive,Backstage passes" classname="com.gildedrose.GildedRoseTest" time="0.001"/>
  <testcase name="Test that quality positive, sellin positive,Backstage passes" classname="com.gildedrose.GildedRoseTest" time="0.004"/>
  <testcase name="Test that quality positive, sellin positive,Backstage passes" classname="com.gildedrose.GildedRoseTest" time="0.001"/>
  <testcase name="Test that quality positive, sellin positive,Backstage passes" classname="com.gildedrose.GildedRoseTest" time="0.0"/>
  <testcase name="backstagePassesQuality3()" classname="com.gildedrose.GildedRoseTest" time="0.0"/>
  <testcase name="backstagePassesQuality4()" classname="com.gildedrose.GildedRoseTest" time="0.001"/>
  <testcase name="Test tooString" classname="com.gildedrose.GildedRoseTest" time="0.03"/>
  <testcase name="Test that quality positive, sellin positive,Backstage passes" classname="com.gildedrose.GildedRoseTest" time="0.0"/>
  <testcase name="Test that quality positive, sellin positive,Backstage passes" classname="com.gildedrose.GildedRoseTest" time="0.0"/>
  <testcase name="Test that quality ne change pas" classname="com.gildedrose.GildedRoseTest" time="0.0"/>
  <testcase name="Test that quality negatif, sellin positive,Sulfuras" classname="com.gildedrose.GildedRoseTest" time="0.001"/>
  <testcase name="Test that quality negatif, sellin negatif,Sulfuras" classname="com.gildedrose.GildedRoseTest" time="0.001"/>
  <testcase name="Test that quality increases by 2" classname="com.gildedrose.GildedRoseTest" time="0.001"/>
  <testcase name="Test that quality positive, sellin positive,agedBrie" classname="com.gildedrose.GildedRoseTest" time="0.0"/>
  <testcase name="Test that quality positive, sellin negative,agedBrie" classname="com.gildedrose.GildedRoseTest" time="0.0"/>
  <system-out><![CDATA[]]></system-out>
  <system-err><![CDATA[]]></system-err>
</testsuite>
